Reading file ass2r.pls ....Please wait

Printing input buffer parameters:

The capacity of the buffer is:  599
The current size of the buffer is:  599

Printing input buffer contents:

!! This program calculates the sum of 32767 even numbers.
!! The program is "lexically" and "syntactically" correct
!! and should not generate any error
PLATYPUS {
 
 a=+0.0;
 
 sum008 = 7.87050 ;
 READ(a,sum008);
 i=0; 
 WHILE TRUE (i < 32767 .OR. i == 32767)REPEAT{
   i = i + 2;
   a=
   a*i/0.5
   ;
   sum008 = sum008 + a - 1 ;
 };
 IF TRUE(text$ == "")THEN {
   text$ = "prog" # "ram";
 }
 ELSE {
   text$ = text$ # "ram";
 };
 WRITE("\* This is a platypus -:)-<-<-- \*");
 WRITE(text$);
 
 IF FALSE (text$ == "program".OR.sum008<>8..AND.i>10)THEN {
  WRITE(sum008);
  WRITE();
 }
 ELSE{};
}
ÿ

Parsing the source file...

PLATY: Primary arithmetic expression parsed
PLATY: Unary arithmetic expression parsed
PLATY: Arithmetic expression parsed
PLATY: Assignment expression (arithmetic) parsed
PLATY: Assignment statement parsed
PLATY: Primary arithmetic expression parsed
PLATY: Arithmetic expression parsed
PLATY: Assignment expression (arithmetic) parsed
PLATY: Assignment statement parsed
PLATY: Variable list parsed
PLATY: Input statement parsed
PLATY: Primary arithmetic expression parsed
PLATY: Arithmetic expression parsed
PLATY: Assignment expression (arithmetic) parsed
PLATY: Assignment statement parsed
PLATY: Primary a_relational expression parsed
PLATY: Primary a_relational expression parsed
PLATY: Relational expression parsed
PLATY: Primary a_relational expression parsed
PLATY: Primary a_relational expression parsed
PLATY: Relational expression parsed
PLATY: Logical OR expression parsed
PLATY: Conditional expression parsed
PLATY: Primary arithmetic expression parsed
PLATY: Primary arithmetic expression parsed
PLATY: Additive arithmetic expression parsed
PLATY: Arithmetic expression parsed
PLATY: Assignment expression (arithmetic) parsed
PLATY: Assignment statement parsed
PLATY: Primary arithmetic expression parsed
PLATY: Primary arithmetic expression parsed
PLATY: Primary arithmetic expression parsed
PLATY: Multiplicative arithmetic expression parsed
PLATY: Multiplicative arithmetic expression parsed
PLATY: Arithmetic expression parsed
PLATY: Assignment expression (arithmetic) parsed
PLATY: Assignment statement parsed
PLATY: Primary arithmetic expression parsed
PLATY: Primary arithmetic expression parsed
PLATY: Primary arithmetic expression parsed
PLATY: Additive arithmetic expression parsed
PLATY: Additive arithmetic expression parsed
PLATY: Arithmetic expression parsed
PLATY: Assignment expression (arithmetic) parsed
PLATY: Assignment statement parsed
PLATY: Iteration statement parsed
PLATY: Primary string expression parsed
PLATY: Primary s_relational expression parsed
PLATY: Primary string expression parsed
PLATY: Primary s_relational expression parsed
PLATY: Relational expression parsed
PLATY: Conditional expression parsed
PLATY: Primary string expression parsed
PLATY: Primary string expression parsed
PLATY: String expression parsed
PLATY: Assignment expression (string) parsed
PLATY: Assignment statement parsed
PLATY: Primary string expression parsed
PLATY: Primary string expression parsed
PLATY: String expression parsed
PLATY: Assignment expression (string) parsed
PLATY: Assignment statement parsed
PLATY: Selection statement parsed
PLATY: Output list (string literal) parsed
PLATY: Output statement parsed
PLATY: Variable list parsed
PLATY: Output statement parsed
PLATY: Primary string expression parsed
PLATY: Primary s_relational expression parsed
PLATY: Primary string expression parsed
PLATY: Primary s_relational expression parsed
PLATY: Relational expression parsed
PLATY: Primary a_relational expression parsed
PLATY: Primary a_relational expression parsed
PLATY: Relational expression parsed
PLATY: Primary a_relational expression parsed
PLATY: Primary a_relational expression parsed
PLATY: Relational expression parsed
PLATY: Logical AND expression parsed
PLATY: Logical OR expression parsed
PLATY: Conditional expression parsed
PLATY: Variable list parsed
PLATY: Output statement parsed
PLATY: Output list (empty) parsed
PLATY: Output statement parsed
PLATY: Opt_statements parsed
PLATY: Selection statement parsed
PLATY: Program parsed
PLATY: Source file parsed

Collecting garbage...
